<?xml version="1.0" encoding="UTF-8"?>
<!-- Generated by org.testng.reporters.JUnitReportReporter -->
<testsuite skipped="0" hostname="X1Carbon" name="springrest.api.controller.EventControllerTest" tests="7" failures="0" timestamp="06 Nov 2018 04:16:22 GMT" time="0.936" errors="0">
  <testcase name="getEvents" time="0.180" classname="springrest.api.controller.EventControllerTest"/>
  <testcase name="getEvent" time="0.057" classname="springrest.api.controller.EventControllerTest"/>
  <testcase name="getEvents2" time="0.035" classname="springrest.api.controller.EventControllerTest"/>
  <testcase name="getAllAttendees" time="0.239" classname="springrest.api.controller.EventControllerTest"/>
  <testcase name="addAttendee" time="0.354" classname="springrest.api.controller.EventControllerTest"/>
  <testcase name="addEvents" time="0.038" classname="springrest.api.controller.EventControllerTest"/>
  <testcase name="setStatus" time="0.033" classname="springrest.api.controller.EventControllerTest"/>
</testsuite> <!-- springrest.api.controller.EventControllerTest -->
