<?xml version="1.0" encoding="UTF-8"?>
<!-- Generated by org.testng.reporters.JUnitReportReporter -->
<testsuite skipped="0" hostname="X1Carbon" name="springrest.api.controller.ProgramControllerTest" tests="6" failures="0" timestamp="06 Nov 2018 04:16:22 GMT" time="0.093" errors="0">
  <testcase name="getPrograms2" time="0.008" classname="springrest.api.controller.ProgramControllerTest"/>
  <testcase name="getPrograms" time="0.017" classname="springrest.api.controller.ProgramControllerTest"/>
  <testcase name="deleteProgram" time="0.012" classname="springrest.api.controller.ProgramControllerTest"/>
  <testcase name="getProgram" time="0.013" classname="springrest.api.controller.ProgramControllerTest"/>
  <testcase name="editProgram" time="0.021" classname="springrest.api.controller.ProgramControllerTest"/>
  <testcase name="addProgram" time="0.022" classname="springrest.api.controller.ProgramControllerTest"/>
</testsuite> <!-- springrest.api.controller.ProgramControllerTest -->
