<?xml version="1.0" encoding="UTF-8"?>
<!-- Generated by org.testng.reporters.JUnitReportReporter -->
<testsuite skipped="0" hostname="X1Carbon" name="springrest.model.dao.ProgramDaoTest" tests="3" failures="0" timestamp="25 Oct 2018 22:34:40 GMT" time="0.040" errors="0">
  <testcase name="saveProgram" time="0.018" classname="springrest.model.dao.ProgramDaoTest"/>
  <testcase name="getPrograms" time="0.013" classname="springrest.model.dao.ProgramDaoTest"/>
  <testcase name="getProgram" time="0.009" classname="springrest.model.dao.ProgramDaoTest"/>
</testsuite> <!-- springrest.model.dao.ProgramDaoTest -->
