<?xml version="1.0" encoding="UTF-8"?>
<!-- Generated by org.testng.reporters.JUnitReportReporter -->
<testsuite skipped="0" hostname="X1Carbon" name="springrest.model.dao.UserDaoTest" tests="3" failures="0" timestamp="25 Oct 2018 05:14:12 GMT" time="0.029" errors="0">
  <testcase name="saveUser" time="0.013" classname="springrest.model.dao.UserDaoTest"/>
  <testcase name="getUsers" time="0.010" classname="springrest.model.dao.UserDaoTest"/>
  <testcase name="getUser" time="0.006" classname="springrest.model.dao.UserDaoTest"/>
</testsuite> <!-- springrest.model.dao.UserDaoTest -->
