<?xml version="1.0" encoding="UTF-8"?>
<!-- Generated by org.testng.reporters.JUnitReportReporter -->
<testsuite skipped="0" hostname="X1Carbon" name="springrest.api.controller.UserControllerTest" tests="5" failures="0" timestamp="06 Nov 2018 04:16:22 GMT" time="0.107" errors="0">
  <testcase name="getUser" time="0.023" classname="springrest.api.controller.UserControllerTest"/>
  <testcase name="addUserFail" time="0.024" classname="springrest.api.controller.UserControllerTest"/>
  <testcase name="addUserPass" time="0.019" classname="springrest.api.controller.UserControllerTest"/>
  <testcase name="getUsers" time="0.023" classname="springrest.api.controller.UserControllerTest"/>
  <testcase name="getUsers2" time="0.018" classname="springrest.api.controller.UserControllerTest"/>
</testsuite> <!-- springrest.api.controller.UserControllerTest -->
